$ nix develop -c dune exec scratch/deferred_pubsub_research/runtime_smoke.exe
warning: Git tree '/home/ribelo/projects/ribelo/ocaml/Eta' is dirty
Testing 'deferred_pubsub_research'.
This run has ID 'B795D4B0'.

  [OK]          deferred          0   first completion wins.
  [OK]          deferred          1   failure replays to late awaiter.
  [OK]          pubsub            0   unbounded broadcasts.
  [OK]          pubsub            1   drop_new reports drops.
  [OK]          pubsub            2   scoped subscription closes escaped handle.
  [OK]          pubsub            3   body failure closes escaped handle.
  [OK]          pubsub            4   body cancellation closes escaped handle.
  [OK]          pubsub            5   close_with_error drains then fails.
  [OK]          pubsub            6   backpressure blocks until receive.
  [OK]          pubsub            7   close wakes blocked backpressure publisher.
  [OK]          pubsub            8   cancelled backpressure publish leaves no waiter.
  [OK]          pubsub            9   channel backpressure permits partial canceled publish.
  [OK]          pubsub           10   shared hub backpressure canceled publish is atomic.
  [OK]          pubsub           11   shared hub backpressure waits for lagging subscriber.
  [OK]          pubsub           12   shared hub drop_new is global capacity.
  [OK]          pubsub           13   shared hub close_with_error drains.
  [OK]          pubsub           14   shared hub body cancellation cleans subscription.
  [OK]          pubsub           15   raw queue exposure negative fixture.

Test Successful in 0.001s. 18 tests run.
