== ppxlib_parse_modes_positive (pass) ==
findlib: [WARNING] Interface opttopdirs.cmi occurs in several directories: /home/ribelo/projects/ribelo/ocaml/Effet-OxCaml/.opam-oxcaml/5.2.0+ox/lib/ocaml, /home/ribelo/projects/ribelo/ocaml/Effet-OxCaml/.opam-oxcaml/5.2.0+ox/lib/ocaml/compiler-libs
findlib: [WARNING] Interface topdirs.cmi occurs in several directories: /home/ribelo/projects/ribelo/ocaml/Effet-OxCaml/.opam-oxcaml/5.2.0+ox/lib/ocaml, /home/ribelo/projects/ribelo/ocaml/Effet-OxCaml/.opam-oxcaml/5.2.0+ox/lib/ocaml/compiler-libs
PASS expected-pass ppxlib_parse_modes_positive
== current_ast_helper_shape (pass) ==
findlib: [WARNING] Interface opttopdirs.cmi occurs in several directories: /home/ribelo/projects/ribelo/ocaml/Effet-OxCaml/.opam-oxcaml/5.2.0+ox/lib/ocaml, /home/ribelo/projects/ribelo/ocaml/Effet-OxCaml/.opam-oxcaml/5.2.0+ox/lib/ocaml/compiler-libs
findlib: [WARNING] Interface topdirs.cmi occurs in several directories: /home/ribelo/projects/ribelo/ocaml/Effet-OxCaml/.opam-oxcaml/5.2.0+ox/lib/ocaml, /home/ribelo/projects/ribelo/ocaml/Effet-OxCaml/.opam-oxcaml/5.2.0+ox/lib/ocaml/compiler-libs
PASS expected-pass current_ast_helper_shape
== current_style_expansion_positive (pass) ==
PASS expected-pass current_style_expansion_positive
== current_style_capture_negative (fail) ==
File "scratch/oxcaml_research/ppx_oxcaml_probe/current_style_capture_negative.ml", line 18, characters 49-55:
18 |   Effect.thunk "auth.current_user" (fun _env -> !leaked)
                                                      ^^^^^^
Error: This value is "contended"
         because it is used inside the function at file "scratch/oxcaml_research/ppx_oxcaml_probe/current_style_capture_negative.ml", line 18, characters 35-56
         which is expected to be "portable".
       However, the highlighted expression is expected to be "uncontended".
PASS expected-fail current_style_capture_negative
summary: pass=4 fail=0
