== resource_same_domain_positive (pass) ==
PASS expected-pass resource_same_domain_positive
== resource_ref_portable_negative (fail) ==
File "scratch/oxcaml_research/fixtures/resource_ref_portable_negative.ml", line 8, characters 4-12:
8 |     resource.value <- Some value;
        ^^^^^^^^
Error: This value is "contended"
         because it is used inside the function at file "scratch/oxcaml_research/fixtures/resource_ref_portable_negative.ml", lines 7-9, characters 27-27
         which is expected to be "portable".
       However, the highlighted expression is expected to be "uncontended"
         because its mutable field "value" is being written.
PASS expected-fail resource_ref_portable_negative
== resource_stdlib_atomic_portable_negative (fail) ==
File "scratch/oxcaml_research/fixtures/resource_stdlib_atomic_portable_negative.ml", line 8, characters 15-29:
8 |     Atomic.set resource.value (Some value);
                   ^^^^^^^^^^^^^^
Error: This value is "contended"
         because it is the field "value" of the record at file "scratch/oxcaml_research/fixtures/resource_stdlib_atomic_portable_negative.ml", line 8, characters 15-23
         which is "contended"
         because it is used inside the function at file "scratch/oxcaml_research/fixtures/resource_stdlib_atomic_portable_negative.ml", lines 7-9, characters 27-35
         which is expected to be "portable".
       However, the highlighted expression is expected to be "uncontended".
PASS expected-fail resource_stdlib_atomic_portable_negative
== resource_portable_atomic_positive (pass) ==
PASS expected-pass resource_portable_atomic_positive
== resource_capsule_isolated_positive (pass) ==
PASS expected-pass resource_capsule_isolated_positive
== resource_capsule_external_refresh_negative (fail) ==
File "scratch/oxcaml_research/fixtures/resource_capsule_external_refresh_negative.ml", line 8, characters 66-71:
8 |     Capsule.Isolated.with_unique resource ~f:(fun cell -> cell := value)
                                                                      ^^^^^
Error: This value is "contended"
         because it is used inside the function at file "scratch/oxcaml_research/fixtures/resource_capsule_external_refresh_negative.ml", line 8, characters 45-72
         which is expected to be "portable".
       However, the highlighted expression is expected to be "uncontended".
PASS expected-fail resource_capsule_external_refresh_negative
== supervisor_local_positive (pass) ==
PASS expected-pass supervisor_local_positive
== supervisor_local_return_negative (fail) ==
File "scratch/oxcaml_research/fixtures/supervisor_local_return_negative.ml", line 7, characters 34-39:
7 | let bad () = scoped (fun child -> child)
                                      ^^^^^
Error: This value is "local" to the parent region but is expected to be "global".
PASS expected-fail supervisor_local_return_negative
== supervisor_local_ref_negative (fail) ==
File "scratch/oxcaml_research/fixtures/supervisor_local_ref_negative.ml", line 9, characters 48-53:
9 | let bad () = scoped (fun child -> stash := Some child)
                                                    ^^^^^
Error: This value is "local" to the parent region
       but is expected to be "global"
         because it is contained (via constructor "Some") in the value at file "scratch/oxcaml_research/fixtures/supervisor_local_ref_negative.ml", line 9, characters 43-53
         which is expected to be "global".
PASS expected-fail supervisor_local_ref_negative
== effect_ast_plain_positive (pass) ==
PASS expected-pass effect_ast_plain_positive
== effect_ast_portable_capture_negative (fail) ==
File "scratch/oxcaml_research/fixtures/effect_ast_portable_capture_negative.ml", line 9, characters 11-18:
9 |       incr counter;
               ^^^^^^^
Error: This value is "contended"
         because it is used inside the function at file "scratch/oxcaml_research/fixtures/effect_ast_portable_capture_negative.ml", lines 8-10, characters 33-10
         which is expected to be "portable".
       However, the highlighted expression is expected to be "uncontended".
PASS expected-fail effect_ast_portable_capture_negative
== effect_ast_atomic_capture_positive (pass) ==
PASS expected-pass effect_ast_atomic_capture_positive
== cause_portable_positive (pass) ==
PASS expected-pass cause_portable_positive
== cause_closure_negative (fail) ==
File "scratch/oxcaml_research/fixtures/cause_closure_negative.ml", lines 1-3, characters 0-27:
1 | type cause : value mod portable =
2 |   | Fail of string
3 |   | Die of (unit -> string)
Error: The kind of type "cause" is value mod immutable non_float
         because it's a boxed variant type.
       But the kind of type "cause" must be a subkind of value mod portable
         because of the annotation on the declaration of the type cause.
PASS expected-fail cause_closure_negative
== eio_fiber_smoke (pass) ==
ocamlfind: [WARNING] Package `mtime.clock.os': Deprecated, use the mtime.clock library.
PASS expected-pass eio_fiber_smoke
== parallel_scheduler_smoke (pass) ==
PASS expected-pass parallel_scheduler_smoke
== parallel_ref_capture_negative (fail) ==
File "scratch/oxcaml_research/fixtures/parallel_ref_capture_negative.ml", line 11, characters 28-35:
11 |              (fun _ -> incr counter)
                                 ^^^^^^^
Error: This value is "shared"
         because it is used inside the function at file "scratch/oxcaml_research/fixtures/parallel_ref_capture_negative.ml", lines 7-14, characters 48-12
         which is expected to be "shareable".
       However, the highlighted expression is expected to be "uncontended".
PASS expected-fail parallel_ref_capture_negative
== resource_portable_auto_parallel_positive (pass) ==
PASS expected-pass resource_portable_auto_parallel_positive
== stream_portable_sink_parallel_positive (pass) ==
PASS expected-pass stream_portable_sink_parallel_positive
== stream_eio_queue_parallel_negative (fail) ==
ocamlfind: [WARNING] Package `mtime.clock.os': Deprecated, use the mtime.clock library.
File "scratch/oxcaml_research/fixtures/stream_eio_queue_parallel_negative.ml", line 12, characters 23-37:
12 |              (fun _ -> Eio.Stream.add queue 1)
                            ^^^^^^^^^^^^^^
Error: The value "Eio.Stream.add" is "nonportable"
       but is expected to be "shareable"
         because it is used inside the function at file "scratch/oxcaml_research/fixtures/stream_eio_queue_parallel_negative.ml", lines 8-15, characters 48-12
         which is expected to be "shareable".
PASS expected-fail stream_eio_queue_parallel_negative
== effet_redesigned_portable_positive (pass) ==
PASS expected-pass effet_redesigned_portable_positive
== effet_redesigned_portable_negative (fail) ==
File "scratch/oxcaml_research/fixtures/effet_redesigned_portable_negative.ml", line 19, characters 36-43:
19 |     Thunk ("leak", fun _env -> incr counter; !counter)
                                         ^^^^^^^
Error: This value is "contended"
         because it is used inside the function at file "scratch/oxcaml_research/fixtures/effet_redesigned_portable_negative.ml", line 19, characters 19-53
         which is expected to be "portable"
         because it is contained (via constructor "Thunk") (with some modality) in the value at file "scratch/oxcaml_research/fixtures/effet_redesigned_portable_negative.ml", line 19, characters 4-54.
       However, the highlighted expression is expected to be "uncontended".
PASS expected-fail effet_redesigned_portable_negative
== acquire_release_once_positive (pass) ==
PASS expected-pass acquire_release_once_positive
== acquire_release_once_negative (fail) ==
File "scratch/oxcaml_research/fixtures/acquire_release_once_negative.ml", line 18, characters 2-9:
18 |   release 2
       ^^^^^^^
Error: This value is used here,
       but it is defined as once and has already been used at:
File "scratch/oxcaml_research/fixtures/acquire_release_once_negative.ml", line 17, characters 2-9:
17 |   release 1;
       ^^^^^^^
  
PASS expected-fail acquire_release_once_negative
== switch_escape_local_negative (fail) ==
ocamlfind: [WARNING] Package `mtime.clock.os': Deprecated, use the mtime.clock library.
File "scratch/oxcaml_research/fixtures/switch_escape_local_negative.ml", line 16, characters 39-41:
16 |   with_scope (fun sw -> leaked := Some sw);
                                            ^^
Error: This value is "local" to the parent region
       but is expected to be "global"
         because it is contained (via constructor "Some") in the value at file "scratch/oxcaml_research/fixtures/switch_escape_local_negative.ml", line 16, characters 34-41
         which is expected to be "global".
PASS expected-fail switch_escape_local_negative
== effet_real_t_portable_smoke (pass) [dune] ==
PASS expected-pass effet_real_t_portable_smoke
== effet_real_t_portable_negative (fail) [dune] ==
File "scratch/oxcaml_research/effet_portable_probe/effet_real_t_portable_negative.ml", line 25, characters 24-31:
25 |               (fun _ -> program)
                             ^^^^^^^
Error: The value "program" is "nonportable"
       but is expected to be "shareable"
         because it is used inside the function at file "scratch/oxcaml_research/effet_portable_probe/effet_real_t_portable_negative.ml", lines 21-28, characters 47-24
         which is expected to be "shareable".
PASS expected-fail effet_real_t_portable_negative
summary: pass=27 fail=0
