=== P-Turso-2 hot-row contention under BEGIN CONCURRENT ===
threads=16 iterations_per_thread=100 max_retries=10 database_template=/tmp/eta_turso_hot_row_PID_ROWS.db

--- scale hot_rows=1 ---
pragma_mvcc rc=0 xrc=0 msg=not an error
expected_counter=1600 actual_counter=1039 row_count=1
committed=1039 unrecovered=561 busy=0 locked=0 generic_error=6742 max_retries_seen=10
retry_histogram attempts=commits: 0=935 1=6 2=22 3=10 4=5 5=8 6=7 7=17 8=4 9=12 10=13 exhausted=561
per_worker: w0{ok=54,unrec=46,busy=0,locked=0,generic=543,max=9} w1{ok=60,unrec=40,busy=0,locked=0,generic=473,max=10} w2{ok=53,unrec=47,busy=0,locked=0,generic=558,max=10} w3{ok=75,unrec=25,busy=0,locked=0,generic=316,max=10} w4{ok=68,unrec=32,busy=0,locked=0,generic=383,max=7} w5{ok=91,unrec=9,busy=0,locked=0,generic=126,max=9} w6{ok=83,unrec=17,busy=0,locked=0,generic=203,max=7} w7{ok=65,unrec=35,busy=0,locked=0,generic=419,max=10} w8{ok=63,unrec=37,busy=0,locked=0,generic=452,max=10} w9{ok=57,unrec=43,busy=0,locked=0,generic=491,max=9} w10{ok=56,unrec=44,busy=0,locked=0,generic=517,max=10} w11{ok=56,unrec=44,busy=0,locked=0,generic=542,max=10} w12{ok=68,unrec=32,busy=0,locked=0,generic=406,max=10} w13{ok=67,unrec=33,busy=0,locked=0,generic=413,max=10} w14{ok=67,unrec=33,busy=0,locked=0,generic=388,max=7} w15{ok=56,unrec=44,busy=0,locked=0,generic=512,max=7}
first_error worker=0 txn rc=1 xrc=0 msg=not an error
first_error worker=1 txn rc=1 xrc=0 msg=not an error
first_error worker=2 txn rc=1 xrc=0 msg=not an error
first_error worker=3 txn rc=1 xrc=0 msg=not an error
first_error worker=4 txn rc=1 xrc=0 msg=not an error
first_error worker=5 txn rc=1 xrc=0 msg=not an error
first_error worker=6 txn rc=1 xrc=0 msg=not an error
first_error worker=7 txn rc=1 xrc=0 msg=not an error
first_error worker=8 txn rc=1 xrc=0 msg=not an error
first_error worker=9 txn rc=1 xrc=0 msg=not an error
first_error worker=10 txn rc=1 xrc=0 msg=not an error
first_error worker=11 txn rc=1 xrc=0 msg=not an error
first_error worker=12 txn rc=1 xrc=0 msg=not an error
first_error worker=13 txn rc=1 xrc=0 msg=not an error
first_error worker=14 txn rc=1 xrc=0 msg=not an error
first_error worker=15 txn rc=1 xrc=0 msg=not an error
scale_verdict=Falsified

--- scale hot_rows=4 ---
pragma_mvcc rc=0 xrc=0 msg=not an error
expected_counter=1600 actual_counter=1103 row_count=4
committed=1103 unrecovered=497 busy=0 locked=0 generic_error=5651 max_retries_seen=10
retry_histogram attempts=commits: 0=1069 1=1 2=3 3=4 4=6 5=6 6=3 7=4 8=1 9=3 10=3 exhausted=497
per_worker: w0{ok=77,unrec=23,busy=0,locked=0,generic=273,max=9} w1{ok=66,unrec=34,busy=0,locked=0,generic=385,max=9} w2{ok=56,unrec=44,busy=0,locked=0,generic=484,max=0} w3{ok=59,unrec=41,busy=0,locked=0,generic=459,max=4} w4{ok=56,unrec=44,busy=0,locked=0,generic=500,max=9} w5{ok=69,unrec=31,busy=0,locked=0,generic=346,max=3} w6{ok=75,unrec=25,busy=0,locked=0,generic=289,max=7} w7{ok=62,unrec=38,busy=0,locked=0,generic=426,max=5} w8{ok=57,unrec=43,busy=0,locked=0,generic=504,max=10} w9{ok=100,unrec=0,busy=0,locked=0,generic=5,max=5} w10{ok=74,unrec=26,busy=0,locked=0,generic=295,max=8} w11{ok=73,unrec=27,busy=0,locked=0,generic=317,max=10} w12{ok=100,unrec=0,busy=0,locked=0,generic=15,max=6} w13{ok=50,unrec=50,busy=0,locked=0,generic=559,max=5} w14{ok=71,unrec=29,busy=0,locked=0,generic=326,max=5} w15{ok=58,unrec=42,busy=0,locked=0,generic=468,max=6}
first_error worker=0 txn rc=1 xrc=0 msg=not an error
first_error worker=1 txn rc=1 xrc=0 msg=not an error
first_error worker=2 txn rc=1 xrc=0 msg=not an error
first_error worker=3 txn rc=1 xrc=0 msg=not an error
first_error worker=4 txn rc=1 xrc=0 msg=not an error
first_error worker=5 txn rc=1 xrc=0 msg=not an error
first_error worker=6 txn rc=1 xrc=0 msg=not an error
first_error worker=7 txn rc=1 xrc=0 msg=not an error
first_error worker=8 txn rc=1 xrc=0 msg=not an error
first_error worker=9 txn rc=1 xrc=0 msg=not an error
first_error worker=10 txn rc=1 xrc=0 msg=not an error
first_error worker=11 txn rc=1 xrc=0 msg=not an error
first_error worker=12 txn rc=1 xrc=0 msg=not an error
first_error worker=13 txn rc=1 xrc=0 msg=not an error
first_error worker=14 txn rc=1 xrc=0 msg=not an error
first_error worker=15 txn rc=1 xrc=0 msg=not an error
scale_verdict=Falsified

--- scale hot_rows=16 ---
pragma_mvcc rc=0 xrc=0 msg=not an error
expected_counter=1600 actual_counter=1600 row_count=16
committed=1600 unrecovered=0 busy=0 locked=0 generic_error=0 max_retries_seen=0
retry_histogram attempts=commits: 0=1600 1=0 2=0 3=0 4=0 5=0 6=0 7=0 8=0 9=0 10=0 exhausted=0
per_worker: w0{ok=100,unrec=0,busy=0,locked=0,generic=0,max=0} w1{ok=100,unrec=0,busy=0,locked=0,generic=0,max=0} w2{ok=100,unrec=0,busy=0,locked=0,generic=0,max=0} w3{ok=100,unrec=0,busy=0,locked=0,generic=0,max=0} w4{ok=100,unrec=0,busy=0,locked=0,generic=0,max=0} w5{ok=100,unrec=0,busy=0,locked=0,generic=0,max=0} w6{ok=100,unrec=0,busy=0,locked=0,generic=0,max=0} w7{ok=100,unrec=0,busy=0,locked=0,generic=0,max=0} w8{ok=100,unrec=0,busy=0,locked=0,generic=0,max=0} w9{ok=100,unrec=0,busy=0,locked=0,generic=0,max=0} w10{ok=100,unrec=0,busy=0,locked=0,generic=0,max=0} w11{ok=100,unrec=0,busy=0,locked=0,generic=0,max=0} w12{ok=100,unrec=0,busy=0,locked=0,generic=0,max=0} w13{ok=100,unrec=0,busy=0,locked=0,generic=0,max=0} w14{ok=100,unrec=0,busy=0,locked=0,generic=0,max=0} w15{ok=100,unrec=0,busy=0,locked=0,generic=0,max=0}
scale_verdict=Confirmed

summary hot_rows_1=Falsified hot_rows_4=Falsified hot_rows_16=Confirmed
verdict=Partial
