== baseline_ocaml_pool/cpu_pool_smoke (pass) ==
ocamlfind: [WARNING] Package `mtime.clock.os': Deprecated, use the mtime.clock library.
baseline workload=parse_validate items=128 ok=127 typed_errors=1 bounded=2 wall_us=367 eio_contamination=false
baseline workload=schema_decode items=128 ok=127 typed_errors=1 bounded=2 wall_us=159 eio_contamination=false
baseline workload=hash_checksum_compress items=128 ok=127 typed_errors=1 bounded=2 wall_us=119 eio_contamination=false
PASS expected-pass baseline_ocaml_pool/cpu_pool_smoke
== baseline_ocaml_pool/ordered_results_positive (pass) ==
ocamlfind: [WARNING] Package `mtime.clock.os': Deprecated, use the mtime.clock library.
baseline ordered_results=true items=32 bounded=2
PASS expected-pass baseline_ocaml_pool/ordered_results_positive
== oxcaml_callback_island/portable_map_positive (pass) ==
ocamlfind: [WARNING] Package `mtime.clock.os': Deprecated, use the mtime.clock library.
island portable_map=true
PASS expected-pass oxcaml_callback_island/portable_map_positive
== oxcaml_callback_island/ordered_results_positive (pass) ==
ocamlfind: [WARNING] Package `mtime.clock.os': Deprecated, use the mtime.clock library.
island ordered_results=true items=32 bounded=2
PASS expected-pass oxcaml_callback_island/ordered_results_positive
== oxcaml_callback_island/all_settled_positive (pass) ==
ocamlfind: [WARNING] Package `mtime.clock.os': Deprecated, use the mtime.clock library.
island all_settled=true oks=16 typed_errors=4
PASS expected-pass oxcaml_callback_island/all_settled_positive
== oxcaml_callback_island/atomic_capture_positive (pass) ==
ocamlfind: [WARNING] Package `mtime.clock.os': Deprecated, use the mtime.clock library.
island atomic_capture=true final=2
PASS expected-pass oxcaml_callback_island/atomic_capture_positive
== oxcaml_callback_island/workloads_positive (pass) ==
ocamlfind: [WARNING] Package `mtime.clock.os': Deprecated, use the mtime.clock library.
island workload=parse_validate items=128 ok=127 typed_errors=1 bounded=2 wall_us=362
island workload=schema_decode items=128 ok=127 typed_errors=1 bounded=2 wall_us=230
island workload=hash_checksum_compress items=128 ok=127 typed_errors=1 bounded=2 wall_us=146
PASS expected-pass oxcaml_callback_island/workloads_positive
== oxcaml_callback_island/worker_die_diagnostic_positive (pass) ==
ocamlfind: [WARNING] Package `mtime.clock.os': Deprecated, use the mtime.clock library.
island worker_die_diagnostic=true kind=Failure
PASS expected-pass oxcaml_callback_island/worker_die_diagnostic_positive
== oxcaml_callback_island/ref_capture_negative (fail) ==
ocamlfind: [WARNING] Package `mtime.clock.os': Deprecated, use the mtime.clock library.
File "scratch/oxcaml_research/portable_islands/oxcaml_callback_island/ref_capture_negative.ml", line 21, characters 14-21:
21 |          incr counter;
                   ^^^^^^^
Error: This value is "contended"
         because it is used inside the function at file "scratch/oxcaml_research/portable_islands/oxcaml_callback_island/ref_capture_negative.ml", lines 20-22, characters 7-11
         which is expected to be "portable".
       However, the highlighted expression is expected to be "uncontended".
PASS expected-fail oxcaml_callback_island/ref_capture_negative
== oxcaml_callback_island/eio_stream_capture_negative (fail) ==
ocamlfind: [WARNING] Package `mtime.clock.os': Deprecated, use the mtime.clock library.
File "scratch/oxcaml_research/portable_islands/oxcaml_callback_island/eio_stream_capture_negative.ml", line 22, characters 9-23:
22 |          Eio.Stream.add stream n;
              ^^^^^^^^^^^^^^
Error: The value "Eio.Stream.add" is "nonportable"
       but is expected to be "portable"
         because it is used inside the function at file "scratch/oxcaml_research/portable_islands/oxcaml_callback_island/eio_stream_capture_negative.ml", lines 21-23, characters 7-11
         which is expected to be "portable".
PASS expected-fail oxcaml_callback_island/eio_stream_capture_negative
== oxcaml_callback_island/runtime_capture_negative (fail) ==
ocamlfind: [WARNING] Package `mtime.clock.os': Deprecated, use the mtime.clock library.
File "scratch/oxcaml_research/portable_islands/oxcaml_callback_island/runtime_capture_negative.ml", line 24, characters 17-34:
24 |        (fun n -> Effet.Runtime.run rt (Effet.Effect.pure n))
                      ^^^^^^^^^^^^^^^^^
Error: The value "Effet.Runtime.run" is "nonportable"
       but is expected to be "portable"
         because it is used inside the function at file "scratch/oxcaml_research/portable_islands/oxcaml_callback_island/runtime_capture_negative.ml", line 24, characters 7-60
         which is expected to be "portable".
PASS expected-fail oxcaml_callback_island/runtime_capture_negative
== oxcaml_callback_island/logger_capture_negative (fail) ==
ocamlfind: [WARNING] Package `mtime.clock.os': Deprecated, use the mtime.clock library.
File "scratch/oxcaml_research/portable_islands/oxcaml_callback_island/logger_capture_negative.ml", line 22, characters 17-34:
22 |          ignore (Effet.Logger.dump collector);
                      ^^^^^^^^^^^^^^^^^
Error: The value "Effet.Logger.dump" is "nonportable"
       but is expected to be "portable"
         because it is used inside the function at file "scratch/oxcaml_research/portable_islands/oxcaml_callback_island/logger_capture_negative.ml", lines 21-23, characters 7-11
         which is expected to be "portable".
PASS expected-fail oxcaml_callback_island/logger_capture_negative
== oxcaml_callback_island/raw_cause_capture_negative (fail) ==
ocamlfind: [WARNING] Package `mtime.clock.os': Deprecated, use the mtime.clock library.
File "scratch/oxcaml_research/portable_islands/oxcaml_callback_island/raw_cause_capture_negative.ml", line 18, characters 43-46:
18 | let () = ignore (Island.map_pair (fun _ -> raw) 1 2)
                                                ^^^
Error: The value "raw" is "nonportable"
       but is expected to be "portable"
         because it is used inside the function at file "scratch/oxcaml_research/portable_islands/oxcaml_callback_island/raw_cause_capture_negative.ml", line 18, characters 33-47
         which is expected to be "portable".
PASS expected-fail oxcaml_callback_island/raw_cause_capture_negative
== use_cases/ergonomics_examples (pass) ==
ocamlfind: [WARNING] Package `mtime.clock.os': Deprecated, use the mtime.clock library.
ergonomics examples=true annotations=3 ppx_required=false
PASS expected-pass use_cases/ergonomics_examples
== use_cases/busy_loop_not_preempted (compile-only-pass) ==
ocamlfind: [WARNING] Package `mtime.clock.os': Deprecated, use the mtime.clock library.
PASS expected-compile-only use_cases/busy_loop_not_preempted
summary: pass=15 fail=0
