Eta OxCaml research shell (5.2.0+ox)
Run 'eta-oxcaml-init' once to create the 5.2.0+ox opam switch.
Run 'eta-oxcaml-test-shipped' after setup to test shipped packages only.
=== P-E Appender Cancellation (real fibers + timeout) ===

Table created

Test 1: 20 iterations WITHOUT cleanup
  Iteration 5: rows=-1, conn_ok=true
  Iteration 10: rows=-1, conn_ok=true
  Iteration 15: rows=-1, conn_ok=true
  Iteration 20: rows=-1, conn_ok=true
  All iterations ok: true

Test 2: 20 iterations WITH Fun.protect cleanup
  Iteration 5: rows=-1, conn_ok=true
  Iteration 10: rows=-1, conn_ok=true
  Iteration 15: rows=-1, conn_ok=true
  Iteration 20: rows=-1, conn_ok=true
  All iterations ok: true

=== Verdict ===
Test 1 (no cleanup, 20x): all ok = true
Test 2 (with cleanup, 20x): all ok = true
No immediate crash, but Appender handles leak (C heap, not GC'd).
Fun.protect prevents Appender leak on cancellation.
