== portable_cause_parallel_positive (pass) ==
PASS expected-pass portable_cause_parallel_positive
== raw_cause_parallel_negative (fail) ==
File "scratch/oxcaml_research/phase1_cause_portable_probe/raw_cause_parallel_negative.ml", line 15, characters 50-53:
15 |            Parallel.fork_join2 parallel (fun _ -> raw) (fun _ -> raw))))
                                                       ^^^
Error: The value "raw" is "nonportable"
       but is expected to be "shareable"
         because it is used inside the function at file "scratch/oxcaml_research/phase1_cause_portable_probe/raw_cause_parallel_negative.ml", lines 14-15, characters 50-70
         which is expected to be "shareable".
PASS expected-fail raw_cause_parallel_negative
== portable_payload_ref_negative (fail) ==
File "scratch/oxcaml_research/phase1_cause_portable_probe/portable_payload_ref_negative.ml", line 4, characters 36-56:
4 | let bad = Effet.Cause.Portable.Fail (fun () -> !counter)
                                        ^^^^^^^^^^^^^^^^^^^^
Error: 
       The kind of 'a -> 'b is value mod aliased immutable non_float
         because it's a function type.
       But the kind of 'a -> 'b must be a subkind of value mod portable.
PASS expected-fail portable_payload_ref_negative
summary: pass=3 fail=0
