== eio_wrap_positive (pass) ==
ocamlfind: [WARNING] Package `mtime.clock.os': Deprecated, use the mtime.clock library.
PASS expected-pass eio_wrap_positive
== parallel_inside_eio_positive (pass) ==
ocamlfind: [WARNING] Package `mtime.clock.os': Deprecated, use the mtime.clock library.
PASS expected-pass parallel_inside_eio_positive
== switch_local_fork_negative (fail) ==
ocamlfind: [WARNING] Package `mtime.clock.os': Deprecated, use the mtime.clock library.
File "scratch/oxcaml_research/eio_wrap_probe/switch_local_fork_negative.ml", line 10, characters 20-22:
10 |     Eio.Fiber.fork ~sw body
                         ^^
Error: This value is "local" to the parent region but is expected to be "global".
PASS expected-fail switch_local_fork_negative
== runtime_create_local_switch_negative (fail) ==
ocamlfind: [WARNING] Package `mtime.clock.os': Deprecated, use the mtime.clock library.
File "scratch/oxcaml_research/eio_wrap_probe/runtime_create_local_switch_negative.ml", line 7, characters 55-57:
7 | let create ~(sw : Eio.Switch.t @ local) = { outer_sw = sw }
                                                           ^^
Error: This value is "local" to the parent region
       but is expected to be "global"
         because it is the field "outer_sw" of the record at file "scratch/oxcaml_research/eio_wrap_probe/runtime_create_local_switch_negative.ml", line 7, characters 42-59
         which is expected to be "global" because it is an allocation
         which is expected to be "local" to the parent region or "global"
         because it is a function return value.
         Hint: Use exclave_ to return a local value.
PASS expected-fail runtime_create_local_switch_negative
== switch_escape_wrapped_negative (fail) ==
ocamlfind: [WARNING] Package `mtime.clock.os': Deprecated, use the mtime.clock library.
File "scratch/oxcaml_research/eio_wrap_probe/switch_escape_wrapped_negative.ml", line 14, characters 45-47:
14 |   Switch_local.run (fun sw -> leaked := Some sw);
                                                  ^^
Error: This value is "local" to the parent region
       but is expected to be "global"
         because it is contained (via constructor "Some") in the value at file "scratch/oxcaml_research/eio_wrap_probe/switch_escape_wrapped_negative.ml", line 14, characters 40-47
         which is expected to be "global".
PASS expected-fail switch_escape_wrapped_negative
== fiber_portable_ref_capture_negative (fail) ==
ocamlfind: [WARNING] Package `mtime.clock.os': Deprecated, use the mtime.clock library.
File "scratch/oxcaml_research/eio_wrap_probe/fiber_portable_ref_capture_negative.ml", line 20, characters 23-30:
20 |         (fun _ -> incr counter)
                            ^^^^^^^
Error: This value is "contended"
         because it is used inside the function at file "scratch/oxcaml_research/eio_wrap_probe/fiber_portable_ref_capture_negative.ml", line 20, characters 8-31
         which is expected to be "portable".
       However, the highlighted expression is expected to be "uncontended".
PASS expected-fail fiber_portable_ref_capture_negative
== stream_payload_negative (fail) ==
ocamlfind: [WARNING] Package `mtime.clock.os': Deprecated, use the mtime.clock library.
File "scratch/oxcaml_research/eio_wrap_probe/stream_payload_negative.ml", line 17, characters 41-48:
17 |   Stream_portable.add stream (fun () -> !counter)
                                              ^^^^^^^
Error: This value is "contended"
         because it is used inside the function at file "scratch/oxcaml_research/eio_wrap_probe/stream_payload_negative.ml", line 17, characters 29-49
         which is expected to be "portable".
       However, the highlighted expression is expected to be "uncontended".
PASS expected-fail stream_payload_negative
== stream_parallel_wrapped_negative (fail) ==
ocamlfind: [WARNING] Package `mtime.clock.os': Deprecated, use the mtime.clock library.
File "scratch/oxcaml_research/eio_wrap_probe/stream_parallel_wrapped_negative.ml", line 26, characters 18-37:
26 |         (fun _ -> Stream_portable.add stream 1)
                       ^^^^^^^^^^^^^^^^^^^
Error: The value "Stream_portable.add" is "nonportable"
       but is expected to be "shareable"
         because it is used inside the function at file "scratch/oxcaml_research/eio_wrap_probe/stream_parallel_wrapped_negative.ml", lines 22-29, characters 16-7
         which is expected to be "shareable".
PASS expected-fail stream_parallel_wrapped_negative
summary: pass=8 fail=0
