Eta OxCaml research shell (5.2.0+ox)
Run 'eta-oxcaml-init' once to create the 5.2.0+ox opam switch.
Run 'eta-oxcaml-test-shipped' after setup to test shipped packages only.
=== P-D Chunk Fold Cancellation (real fibers + timeout) ===

Table created: 10M rows

Test 1: 20 iterations WITHOUT cleanup
  Iteration 5: OK
  Iteration 10: OK
  Iteration 15: OK
  Iteration 20: OK
  All iterations ok: true

Test 2: 20 iterations WITH Fun.protect cleanup
  Iteration 5: OK
  Iteration 10: OK
  Iteration 15: OK
  Iteration 20: OK
  All iterations ok: true

=== Verdict ===
Test 1 (no cleanup, 20x): all ok = true
Test 2 (with cleanup, 20x): all ok = true
No immediate crash, but chunk handles leak (C heap, not GC'd).
Fun.protect prevents leak on cancellation.
