== versions ==
5.2.0+ox
3.22.2
OPAMSWITCH=5.2.0+ox

== packages ==
async               (version: n/a)
async.async_command (version: n/a)
async.async_quickcheck (version: n/a)
async.async_rpc     (version: n/a)
async.lock_file_async (version: n/a)
async.log_extended  (version: n/a)
async.persistent_connection (version: n/a)
async.unpack_sequence (version: n/a)
async_kernel        (version: n/a)
async_kernel.config (version: n/a)
async_kernel.eager_deferred (version: n/a)
async_kernel.limiter_async (version: n/a)
async_kernel.persistent_connection_kernel (version: n/a)
async_kernel.read_write_pair (version: n/a)
async_kernel.weak_hashtbl_async (version: n/a)
async_log           (version: n/a)
async_log.kernel    (version: n/a)
async_rpc_kernel    (version: n/a)
async_unix          (version: n/a)
async_unix.thread_pool (version: n/a)
async_unix.thread_safe_ivar (version: n/a)
async_unix.thread_safe_pipe (version: n/a)
await               (version: n/a)
await.blocking_futex (version: n/a)
await.capsule       (version: n/a)
await.in_async      (version: n/a)
await.kernel        (version: n/a)
await.spinning      (version: n/a)
await.sync          (version: n/a)
await.sync_blocking (version: n/a)
base                (version: n/a)
base.composition_infix (version: n/a)
base.md5            (version: n/a)
base.shadow_stdlib  (version: n/a)
base_bigstring      (version: n/a)
base_quickcheck     (version: n/a)
base_quickcheck.ppx_quickcheck (version: n/a)
base_quickcheck.ppx_quickcheck.expander (version: n/a)
base_quickcheck.ppx_quickcheck.runtime (version: n/a)
basement            (version: n/a)
capsule             (version: n/a)
capsule0            (version: n/a)
capsule0.blocking_sync (version: n/a)
capsule0.expert     (version: n/a)
concurrent          (version: n/a)
concurrent.in_async (version: n/a)
concurrent.in_thread (version: n/a)
core                (version: n/a)
core.base_for_tests (version: n/a)
core.command        (version: n/a)
core.filename_base  (version: n/a)
core.heap_block     (version: n/a)
core.top            (version: n/a)
core.validate       (version: n/a)
core_extended       (version: n/a)
core_extended.appendable_list (version: n/a)
core_extended.delimited_kernel (version: n/a)
core_extended.find_files (version: n/a)
core_extended.immediate_kernel (version: n/a)
core_extended.selection (version: n/a)
core_kernel         (version: n/a)
core_kernel.ansi_kernel (version: n/a)
core_kernel.balanced_reducer (version: n/a)
core_kernel.binary_packing (version: n/a)
core_kernel.bounded_int_table (version: n/a)
core_kernel.bus     (version: n/a)
core_kernel.caml_threads (version: n/a)
core_kernel.caml_unix (version: n/a)
core_kernel.enum    (version: n/a)
core_kernel.fheap   (version: n/a)
core_kernel.flags   (version: n/a)
core_kernel.force_once (version: n/a)
core_kernel.hash_heap (version: n/a)
core_kernel.int_set (version: n/a)
core_kernel.iobuf   (version: n/a)
core_kernel.limiter (version: n/a)
core_kernel.moption (version: n/a)
core_kernel.nonempty_list (version: n/a)
core_kernel.nonempty_set (version: n/a)
core_kernel.pairing_heap (version: n/a)
core_kernel.pooled_hashtbl (version: n/a)
core_kernel.reversed_list (version: n/a)
core_kernel.sexp_hidden_in_test (version: n/a)
core_kernel.thread_pool_cpu_affinity (version: n/a)
core_kernel.thread_safe_queue (version: n/a)
core_kernel.timing_wheel (version: n/a)
core_kernel.total_map (version: n/a)
core_kernel.tuple_pool (version: n/a)
core_kernel.univ    (version: n/a)
core_kernel.unpack_buffer (version: n/a)
core_kernel.uopt    (version: n/a)
core_kernel.uuid    (version: n/a)
core_kernel.version_util_compat (version: n/a)
core_kernel.weak_array (version: n/a)
core_kernel.weak_hashtbl (version: n/a)
core_kernel.weak_pointer (version: n/a)
core_unix           (version: n/a)
core_unix.bigbuffer_blocking (version: n/a)
core_unix.bigstring_unix (version: n/a)
core_unix.command_test_helpers (version: n/a)
core_unix.command_test_helpers_test (version: n/a)
core_unix.command_unix (version: n/a)
core_unix.core_thread (version: n/a)
core_unix.daemon    (version: n/a)
core_unix.date_unix (version: n/a)
core_unix.error_checking_mutex (version: n/a)
core_unix.filename_unix (version: n/a)
core_unix.interval_lib (version: n/a)
core_unix.interval_unix (version: n/a)
core_unix.iobuf_unix (version: n/a)
core_unix.linux_ext (version: n/a)
core_unix.lock_file_blocking (version: n/a)
core_unix.nano_mutex (version: n/a)
core_unix.ocaml_c_utils (version: n/a)
core_unix.process_env (version: n/a)
core_unix.signal_unix (version: n/a)
core_unix.squeue    (version: n/a)
core_unix.sys_unix  (version: n/a)
core_unix.syslog    (version: n/a)
core_unix.time_float_unix (version: n/a)
core_unix.time_interface (version: n/a)
core_unix.time_ns_unix (version: n/a)
core_unix.time_stamp_counter (version: n/a)
core_unix.unix_pseudo_terminal (version: n/a)
core_unix.uuid      (version: n/a)
domain-local-await  (version: 1.0.1)
eio                 (version: n/a)
eio.core            (version: n/a)
eio.mock            (version: n/a)
eio.runtime_events  (version: n/a)
eio.unix            (version: n/a)
eio.utils           (version: n/a)
eio_linux           (version: n/a)
eio_main            (version: n/a)
eio_posix           (version: n/a)
parallel            (version: n/a)
parallel.arrays     (version: n/a)
parallel.async      (version: n/a)
parallel.bench      (version: n/a)
parallel.capsule    (version: n/a)
parallel.kernel     (version: n/a)
parallel.map        (version: n/a)
parallel.scheduler  (version: n/a)
parallel.sequence   (version: n/a)
parallel.test       (version: n/a)
portable            (version: n/a)
portable.adaptive_backoff (version: n/a)
portable.common     (version: n/a)
portable.kernel     (version: n/a)
portable.test_helpers (version: n/a)
portable_lockfree_htbl (version: n/a)
portable_ws_deque   (version: n/a)

== module compile probes ==
-- portable_module --
portable
PASS portable_module

-- capsule_module --
capsule
PASS capsule_module

-- parallel_scheduler --
parallel
PASS parallel_scheduler

