=== P-Lbug-1 Arrow NODE Probe ===

ladybug_version=0.17.0
query=MATCH (p:Person {name: 'Ada'}) RETURN p

-- ArrowSchema --
schema name=lbug_query_result format=+s flags=0 children=1 metadata=(null) release=0x727b539f23f0
child[0]:
  schema name=p format=+s flags=2 children=6 metadata=(null) release=0x727b539f23f0
  child[0]:
    schema name=_ID format=+s flags=2 children=2 metadata=(null) release=0x727b539f23f0
    child[0]:
      schema name=offset format=l flags=2 children=0 metadata=(null) release=0x727b539f23f0
    child[1]:
      schema name=table format=l flags=2 children=0 metadata=(null) release=0x727b539f23f0
  child[1]:
    schema name=_LABEL format=u flags=2 children=0 metadata=(null) release=0x727b539f23f0
  child[2]:
    schema name=id format=l flags=2 children=0 metadata=(null) release=0x727b539f23f0
  child[3]:
    schema name=name format=u flags=2 children=0 metadata=(null) release=0x727b539f23f0
  child[4]:
    schema name=age format=l flags=2 children=0 metadata=(null) release=0x727b539f23f0
  child[5]:
    schema name=active format=b flags=2 children=0 metadata=(null) release=0x727b539f23f0

-- ArrowArray --
array length=1 nulls=0 offset=0 buffers=1 children=1 release=0x727b539fa540
buffer[0]=(nil)
child[0]:
  array length=1 nulls=0 offset=0 buffers=1 children=6 release=0x727b539fa540
  buffer[0]=0x64c746bd6220
  child[0]:
    array length=1 nulls=0 offset=0 buffers=1 children=2 release=0x727b539fa540
    buffer[0]=0x64c746b84420
    child[0]:
      array length=1 nulls=0 offset=0 buffers=2 children=0 release=0x727b539fa540
      buffer[0]=0x64c746b3a840
      buffer[1]=0x6a624c04d370
    child[1]:
      array length=1 nulls=0 offset=0 buffers=2 children=0 release=0x727b539fa540
      buffer[0]=0x64c746bd35b0
      buffer[1]=0x6a624c05a170
  child[1]:
    array length=1 nulls=0 offset=0 buffers=3 children=0 release=0x727b539fa540
    buffer[0]=0x64c746bd9690
    buffer[1]=0x6a624c08b9a0
    buffer[2]=0x64c746bd6b00
  child[2]:
    array length=1 nulls=0 offset=0 buffers=2 children=0 release=0x727b539fa540
    buffer[0]=0x64c746bd6b80
    buffer[1]=0x64c746bd8170
  child[3]:
    array length=1 nulls=0 offset=0 buffers=3 children=0 release=0x727b539fa540
    buffer[0]=0x64c746bd3e50
    buffer[1]=0x64c746bce6c0
    buffer[2]=0x64c746bc7fe0
  child[4]:
    array length=1 nulls=0 offset=0 buffers=2 children=0 release=0x727b539fa540
    buffer[0]=0x64c746bd60c0
    buffer[1]=0x64c746bd9580
  child[5]:
    array length=1 nulls=0 offset=0 buffers=2 children=0 release=0x727b539fa540
    buffer[0]=0x64c746bb39f0
    buffer[1]=0x64c746bca320

-- Decoded NODE from Arrow C-data --
decoded.label=Person
decoded.internal_id.offset=0
decoded.internal_id.table=0
decoded.properties.id=7
decoded.properties.name=Ada
decoded.properties.age=42
decoded.properties.active=true
decoded.assertions=pass

-- OCaml typed NODE record --
ocaml_node={label=Person; internal_offset=0; internal_table=0; id=7; name=Ada; age=42; active=true}
ocaml_node.assertions=pass
allocation.minor_words=0.000000
allocation.major_words=0.000000
allocation.promoted_words=0.000000
allocation.allocated_bytes=736.000000

=== P-Lbug-1 probe completed ===
