== object_capability_probe (fail) ==
File "scratch/oxcaml_research/concurrency_model/h3_caveats/c1_random/object_capability_probe.ml", line 43, characters 36-42:
43 |               (fun _ -> next_delay ~random schedule)
                                         ^^^^^^
Error: The value "random" is "nonportable"
       but is expected to be "shareable"
         because it is used inside the function at file "scratch/oxcaml_research/concurrency_model/h3_caveats/c1_random/object_capability_probe.ml", lines 40-46, characters 47-68
         which is expected to be "shareable".
PASS expected-fail object_capability_probe
== portable_rng_token_positive (pass) ==
portable_rng_token_positive a=139 b=134
PASS expected-pass portable_rng_token_positive
== coordinator_delays_positive (pass) ==
coordinator_delays_positive total=260
PASS expected-pass coordinator_delays_positive
== coordinator_delays_finite_negative (pass) ==
coordinator_delays_finite_negative missing_step=true
PASS expected-pass coordinator_delays_finite_negative
== global_random_negative (policy-fail) ==
compiler_status=0 policy_rejected=Random.float
PASS expected-policy-fail global_random_negative
== captured_random_state_negative (fail) ==
File "scratch/oxcaml_research/concurrency_model/h3_caveats/c1_random/captured_random_state_negative.ml", line 6, characters 41-44:
6 |   let factor = 1.0 +. Random.State.float rng 1.0 in
                                             ^^^
Error: This value is "contended"
         because it is used inside the function at file "scratch/oxcaml_research/concurrency_model/h3_caveats/c1_random/captured_random_state_negative.ml", lines 5-7, characters 24-44
         which is expected to be "portable".
       However, the highlighted expression is expected to be "uncontended".
PASS expected-fail captured_random_state_negative
== mutable_ref_rng_negative (fail) ==
File "scratch/oxcaml_research/concurrency_model/h3_caveats/c1_random/mutable_ref_rng_negative.ml", line 9, characters 2-6:
9 |   seed := next_seed !seed;
      ^^^^
Error: This value is "contended"
         because it is used inside the function at file "scratch/oxcaml_research/concurrency_model/h3_caveats/c1_random/mutable_ref_rng_negative.ml", lines 8-11, characters 24-44
         which is expected to be "portable".
       However, the highlighted expression is expected to be "uncontended".
PASS expected-fail mutable_ref_rng_negative
summary: pass=7 fail=0
