## scratch/effet_research/blocking/baselines/direct_blocking_eio_freeze.exe
probe=direct_blocking_eio_freeze variant=unix_sleep verdict=fail_control elapsed_us=50062 heartbeat_samples=1 heartbeat_p50_us=49082 heartbeat_p95_us=49082 heartbeat_p99_us=49082 heartbeat_max_us=49082
probe=direct_blocking_eio_freeze variant=release_lock_sleep verdict=fail_control elapsed_us=50074 heartbeat_samples=1 heartbeat_p50_us=49093 heartbeat_p95_us=49093 heartbeat_p99_us=49093 heartbeat_max_us=49093
probe=direct_blocking_eio_freeze variant=hold_lock_sleep verdict=fail_control elapsed_us=50069 heartbeat_samples=1 heartbeat_p50_us=49092 heartbeat_p95_us=49092 heartbeat_p99_us=49092 heartbeat_max_us=49092
## scratch/effet_research/blocking/baselines/eio_run_in_systhread_smoke.exe
probe=eio_run_in_systhread_smoke verdict=ok elapsed_us=50153 threads=3 heartbeat_samples=49 heartbeat_p50_us=2 heartbeat_p95_us=8 heartbeat_p99_us=14 heartbeat_max_us=19
## scratch/effet_research/blocking/baselines/eio_run_in_systhread_stress.exe
probe=eio_run_in_systhread_stress jobs=10 delay_ms=2 verdict=ok elapsed_us=2482 threads_before=1 threads_after=12 rss_before_kb=6836 rss_after_kb=7300 heartbeat_samples=2 heartbeat_p50_us=30 heartbeat_p95_us=30 heartbeat_p99_us=30 heartbeat_max_us=114
probe=eio_run_in_systhread_stress jobs=100 delay_ms=2 verdict=ok elapsed_us=6878 threads_before=12 threads_after=102 rss_before_kb=7308 rss_after_kb=12748 heartbeat_samples=6 heartbeat_p50_us=37 heartbeat_p95_us=233 heartbeat_p99_us=233 heartbeat_max_us=281
probe=eio_run_in_systhread_stress jobs=1000 delay_ms=2 verdict=ok elapsed_us=21234 threads_before=102 threads_after=551 rss_before_kb=12760 rss_after_kb=28152 heartbeat_samples=7 heartbeat_p50_us=129 heartbeat_p95_us=3779 heartbeat_p99_us=3779 heartbeat_max_us=7952
## scratch/effet_research/blocking/c_stubs/release_lock_sleep.exe
probe=release_lock_sleep mode=direct verdict=ok elapsed_us=50063 heartbeat_samples=1 heartbeat_p50_us=49085 heartbeat_p95_us=49085 heartbeat_p99_us=49085 heartbeat_max_us=49085
probe=release_lock_sleep mode=run_in_systhread verdict=ok elapsed_us=50191 heartbeat_samples=50 heartbeat_p50_us=3 heartbeat_p95_us=8 heartbeat_p99_us=11 heartbeat_max_us=20
## scratch/effet_research/blocking/c_stubs/hold_lock_sleep.exe
probe=hold_lock_sleep mode=direct verdict=ok elapsed_us=50068 heartbeat_samples=1 heartbeat_p50_us=49085 heartbeat_p95_us=49085 heartbeat_p99_us=49085 heartbeat_max_us=49085
probe=hold_lock_sleep mode=run_in_systhread verdict=ok elapsed_us=50217 heartbeat_samples=1 heartbeat_p50_us=49188 heartbeat_p95_us=49188 heartbeat_p99_us=49188 heartbeat_max_us=49188
## scratch/effet_research/blocking/c_stubs/hold_lock_cpu.exe
probe=hold_lock_cpu mode=direct verdict=ok elapsed_us=53452 heartbeat_samples=1 heartbeat_p50_us=52469 heartbeat_p95_us=52469 heartbeat_p99_us=52469 heartbeat_max_us=52469
probe=hold_lock_cpu mode=run_in_systhread verdict=ok elapsed_us=53245 heartbeat_samples=1 heartbeat_p50_us=52217 heartbeat_p95_us=52217 heartbeat_p99_us=52217 heartbeat_max_us=52217
## scratch/effet_research/blocking/bounded_pool/pool_smoke.exe
probe=pool_smoke verdict=ok pool=smoke active_threads=0 idle_threads=2 queued_jobs=0 completed_jobs=1 rejected_jobs=0 cancelled_before_start=0 detached_after_cancel=0 peak_active_threads=1 peak_queued_jobs=1 shutdown=false
## scratch/effet_research/blocking/bounded_pool/pool_backpressure_wait.exe
probe=pool_backpressure_wait verdict=ok ok_count=3 elapsed_us=60282 pool=wait active_threads=0 idle_threads=1 queued_jobs=0 completed_jobs=3 rejected_jobs=0 cancelled_before_start=0 detached_after_cancel=0 peak_active_threads=1 peak_queued_jobs=1 shutdown=false
## scratch/effet_research/blocking/bounded_pool/pool_backpressure_reject.exe
probe=pool_backpressure_reject verdict=ok rejected_observed=4 pool=reject active_threads=0 idle_threads=1 queued_jobs=0 completed_jobs=2 rejected_jobs=4 cancelled_before_start=0 detached_after_cancel=0 peak_active_threads=1 peak_queued_jobs=1 shutdown=false
## scratch/effet_research/blocking/bounded_pool/pool_stress_thread_count.exe
probe=pool_stress_thread_count verdict=ok threads_before=1 threads_after=6 elapsed_us=127205 heartbeat_samples=126 heartbeat_p50_us=2 heartbeat_p95_us=5 heartbeat_p99_us=12 heartbeat_max_us=12 pool=stress_threads active_threads=0 idle_threads=4 queued_jobs=0 completed_jobs=100 rejected_jobs=0 cancelled_before_start=0 detached_after_cancel=0 peak_active_threads=4 peak_queued_jobs=64 shutdown=false
## scratch/effet_research/blocking/bounded_pool/pool_shutdown_started_jobs.exe
probe=pool_shutdown_started_jobs verdict=started_finished pool=shutdown_started active_threads=0 idle_threads=1 queued_jobs=0 completed_jobs=1 rejected_jobs=0 cancelled_before_start=0 detached_after_cancel=0 peak_active_threads=1 peak_queued_jobs=1 shutdown=true
## scratch/effet_research/blocking/bounded_pool/pool_shutdown_pending_jobs.exe
probe=pool_shutdown_pending_jobs verdict=ok pool=shutdown_pending active_threads=0 idle_threads=1 queued_jobs=0 completed_jobs=2 rejected_jobs=0 cancelled_before_start=0 detached_after_cancel=0 peak_active_threads=1 peak_queued_jobs=1 shutdown=true
## scratch/effet_research/blocking/bounded_pool/pool_stress_matrix.exe
probe=pool_stress_matrix mode=B1_run_in_systhread jobs=100 verdict=ok elapsed_us=4899 threads_after=102 heartbeat_samples=4 heartbeat_p50_us=15 heartbeat_p95_us=20 heartbeat_p99_us=20 heartbeat_max_us=87
probe=pool_stress_matrix mode=B2_bounded_pool jobs=100 verdict=ok elapsed_us=76967 threads_after=6 heartbeat_samples=76 heartbeat_p50_us=2 heartbeat_p95_us=9 heartbeat_p99_us=11 heartbeat_max_us=12 pool=b2_matrix active_threads=0 idle_threads=4 queued_jobs=0 completed_jobs=100 rejected_jobs=0 cancelled_before_start=0 detached_after_cancel=0 peak_active_threads=4 peak_queued_jobs=64 shutdown=false
## scratch/effet_research/blocking/cancellation/cancel_pending_positive.exe
probe=cancel_pending_positive verdict=ok pool=cancel_pending active_threads=0 idle_threads=1 queued_jobs=0 completed_jobs=1 rejected_jobs=0 cancelled_before_start=1 detached_after_cancel=0 peak_active_threads=1 peak_queued_jobs=1 shutdown=false
## scratch/effet_research/blocking/cancellation/cancel_started_documents_nonpreemptive.exe
probe=cancel_started_documents_nonpreemptive verdict=started_nonpreemptive_finished elapsed_us=40182 pool=cancel_started active_threads=0 idle_threads=1 queued_jobs=0 completed_jobs=1 rejected_jobs=0 cancelled_before_start=0 detached_after_cancel=0 peak_active_threads=1 peak_queued_jobs=1 shutdown=false
## scratch/effet_research/blocking/cancellation/cancel_with_user_cancel_handle.exe
probe=cancel_with_user_cancel_handle verdict=ok pool=cooperative active_threads=0 idle_threads=1 queued_jobs=0 completed_jobs=1 rejected_jobs=0 cancelled_before_start=0 detached_after_cancel=0 peak_active_threads=1 peak_queued_jobs=1 shutdown=false
## scratch/effet_research/blocking/cancellation/detach_after_cancel.exe
probe=detach_after_cancel verdict=ok returned_us=45 pool=detach active_threads=0 idle_threads=1 queued_jobs=0 completed_jobs=1 rejected_jobs=0 cancelled_before_start=0 detached_after_cancel=1 peak_active_threads=1 peak_queued_jobs=1 shutdown=false
## scratch/effet_research/blocking/resource_classes/shared_pool_starvation.exe
probe=shared_pool_starvation verdict=db_completed db_total_ms=503 pool=shared active_threads=2 idle_threads=2 queued_jobs=0 completed_jobs=99 rejected_jobs=0 cancelled_before_start=0 detached_after_cancel=0 peak_active_threads=4 peak_queued_jobs=97 shutdown=false
## scratch/effet_research/blocking/resource_classes/db_fs_separate_pools.exe
probe=db_fs_separate_pools verdict=db_completed db_total_ms=2 pool=db active_threads=0 idle_threads=2 queued_jobs=0 completed_jobs=1 rejected_jobs=0 cancelled_before_start=0 detached_after_cancel=0 peak_active_threads=1 peak_queued_jobs=1 shutdown=false
## scratch/effet_research/blocking/resource_classes/per_pool_limits.exe
probe=per_pool_limits verdict=db_completed db_total_ms=2 pool=shared_with_class_limits active_threads=3 idle_threads=1 queued_jobs=0 completed_jobs=1 rejected_jobs=0 cancelled_before_start=0 detached_after_cancel=0 peak_active_threads=4 peak_queued_jobs=1 shutdown=false
## scratch/effet_research/blocking/domain_isolated_optional/domain_pool_hold_lock_positive.exe
probe=domain_pool_hold_lock_positive variant=hold_lock_sleep verdict=ok elapsed_us=50279 heartbeat_samples=50 heartbeat_p50_us=2 heartbeat_p95_us=3 heartbeat_p99_us=8 heartbeat_max_us=187
probe=domain_pool_hold_lock_positive variant=hold_lock_cpu verdict=ok elapsed_us=53112 heartbeat_samples=53 heartbeat_p50_us=2 heartbeat_p95_us=3 heartbeat_p99_us=3 heartbeat_max_us=3
## scratch/effet_research/blocking/api_ergonomics/cpu_vs_island/same_domain_thunk.exe
probe=cpu_same_domain_thunk items=16 verdict=ok elapsed_us=57606 heartbeat_samples=1 heartbeat_p50_us=56623 heartbeat_p95_us=56623 heartbeat_p99_us=56623 heartbeat_max_us=56623
## scratch/effet_research/blocking/api_ergonomics/cpu_vs_island/blocking_pool.exe
probe=cpu_blocking_pool items=16 verdict=ok io_probe=ok io_wait_ms=47 elapsed_us=63432 heartbeat_samples=6 heartbeat_p50_us=10191 heartbeat_p95_us=13536 heartbeat_p99_us=13536 heartbeat_max_us=15366 pool=cpu_blocking active_threads=0 idle_threads=4 queued_jobs=0 completed_jobs=17 rejected_jobs=0 cancelled_before_start=0 detached_after_cancel=0 peak_active_threads=4 peak_queued_jobs=12 shutdown=false
## scratch/effet_research/blocking/api_ergonomics/cpu_vs_island/island_pool.exe
probe=cpu_island_pool items=16 verdict=ok elapsed_us=29444 heartbeat_samples=1 heartbeat_p50_us=28466 heartbeat_p95_us=28466 heartbeat_p99_us=28466 heartbeat_max_us=28466
## scratch/effet_research/blocking/api_ergonomics/error_model/blocking_returns_value.exe
probe=blocking_returns_value verdict=ok
## scratch/effet_research/blocking/api_ergonomics/error_model/blocking_raises_exn.exe
probe=blocking_raises_exn verdict=cause_die
## scratch/effet_research/blocking/api_ergonomics/error_model/blocking_raises_after_cancel.exe
probe=blocking_raises_after_cancel verdict=worker_exception_observed
## scratch/effet_research/blocking/api_ergonomics/error_model/blocking_raises_after_detach.exe
probe=blocking_raises_after_detach verdict=detached_exception_dropped_in_probe_logged_by_stats pool=raise_after_detach active_threads=0 idle_threads=1 queued_jobs=0 completed_jobs=1 rejected_jobs=0 cancelled_before_start=0 detached_after_cancel=1 peak_active_threads=1 peak_queued_jobs=1 shutdown=false
## scratch/effet_research/blocking/api_ergonomics/error_model/typed_errors_via_result.exe
probe=typed_errors_via_result verdict=typed_error_preserved
## scratch/effet_research/blocking/api_ergonomics/worker_restrictions/worker_calls_eio_stream_add.exe
probe=worker_calls_eio_stream_add observed=added contract=unsupported_in_v1
## scratch/effet_research/blocking/api_ergonomics/worker_restrictions/worker_calls_runtime_run.exe
probe=worker_calls_runtime_run observed=ok:1 contract=unsupported_in_v1
## scratch/effet_research/blocking/api_ergonomics/worker_restrictions/worker_calls_nested_blocking.exe
probe=worker_calls_nested_blocking observed=worker_raised:Stdlib.Effect.Unhandled(Eio__core__Cancel.Get_context) contract=reject_or_undefined_in_v1
## scratch/effet_research/blocking/api_ergonomics/worker_restrictions/worker_resolves_parent_promise.exe
probe=worker_resolves_parent_promise observed=worker_returned:resolved contract=unsupported_in_v1
## scratch/effet_research/blocking/api_ergonomics/observability/pool_stats.exe
probe=pool_stats verdict=ok pool=observed active_threads=0 idle_threads=2 queued_jobs=0 completed_jobs=6 rejected_jobs=0 cancelled_before_start=0 detached_after_cancel=0 peak_active_threads=2 peak_queued_jobs=4 shutdown=false
## scratch/effet_research/blocking/api_ergonomics/observability/job_timings.exe
probe=job_timings verdict=ok timing_count=4 total_run_ms=20
## scratch/effet_research/blocking/api_ergonomics/observability/trace_labels.exe
probe=trace_labels verdict=ok labels=pg.query,legacy.fs.read,aws-sdk.put
