Eta OxCaml research shell (5.2.0+ox)
Run 'eta-oxcaml-init' once to create the 5.2.0+ox opam switch.
Run 'eta-oxcaml-test-shipped' after setup to test shipped packages only.
=== P-C Pool Lifecycle Probe (actual Eta.Pool) ===

Test 1: Safe ordering (pool shutdown -> db close)
  Connection use: ok=true
  Pool shutdown: OK
  Database closed after pool: OK
  Safe ordering: PASSED

Test 2: Unsafe ordering (db close while pool alive)
  Connection use before close: ok=true
  Database closed (pool still alive)
  Connection use after db close: ok=true (UNEXPECTED)
  Unsafe ordering: connection still works?
  Pool shutdown after db close: OK
  Unsafe ordering: completed

=== Verdict ===
P-C: Pool lifecycle with Database parent handle
  - Safe ordering (pool -> db): works
  - Unsafe ordering (db -> pool): see Test 2 results above
